<?xml version="1.0" encoding="UTF-8" ?>
<testsuite tests="7" failures="3" name="apiincucumber.RunCucumberTest" time="0.485" errors="0" skipped="0">
  <properties>
[...]
</properties>
  <testcase classname="Tests for my test api" name="Get Highest-Roller" time="0.263">
    <failure message="User with Id: 3 has not marked Highest Roller as true" type="java.lang.AssertionError">java.lang.AssertionError: User with Id: 3 has not marked Highest Roller as true
	at org.junit.Assert.fail(Assert.java:88)
	at org.junit.Assert.assertTrue(Assert.java:41)
	at apiincucumber.Stepdefs.verify_only_users_with_highest_balance_has_marked_high_roller_to_true(Stepdefs.java:70)
	at ✽.verify only users with highest balance has marked high-roller to true(apiincucumber/ApiTests.feature:12)
</failure>
    <system-out>Feature: Tests for my test api
  Created to test api for this new feature

  Background:              &amp;#27;[90m# apiincucumber/ApiTests.feature:4&amp;#27;[0m
    &amp;#27;[32mGiven &amp;#27;[0m&amp;#27;[32mclean all shares&amp;#27;[0m &amp;#27;[90m# Stepdefs.clean_all_shares()&amp;#27;[0m

  Scenario: Get Highest-Roller                                                 &amp;#27;[90m# apiincucumber/ApiTests.feature:9&amp;#27;[0m
    &amp;#27;[32mGiven &amp;#27;[0m&amp;#27;[32mget Users data from database&amp;#27;[0m                                         &amp;#27;[90m# Stepdefs.get_Users_data_from_database()&amp;#27;[0m
    &amp;#27;[32mWhen &amp;#27;[0m&amp;#27;[32mcreate list of user ids who has highest balance&amp;#27;[0m                       &amp;#27;[90m# Stepdefs.create_list_of_user_ids_who_has_highest_balance()&amp;#27;[0m
    &amp;#27;[31mThen &amp;#27;[0m&amp;#27;[31mverify only users with highest balance has marked high-roller to true&amp;#27;[0m &amp;#27;[90m# Stepdefs.verify_only_users_with_highest_balance_has_marked_high_roller_to_true()&amp;#27;[0m
      &amp;#27;[31mjava.lang.AssertionError: User with Id: 3 has not marked Highest Roller as true
	at org.junit.Assert.fail(Assert.java:88)
	at org.junit.Assert.assertTrue(Assert.java:41)
	at apiincucumber.Stepdefs.verify_only_users_with_highest_balance_has_marked_high_roller_to_true(Stepdefs.java:70)
	at ?.verify only users with highest balance has marked high-roller to true(apiincucumber/ApiTests.feature:12)
&amp;#27;[0m
    &amp;#27;[36mAnd &amp;#27;[0m&amp;#27;[36mverify other users has marked high-roller to false&amp;#27;[0m                     &amp;#27;[90m# Stepdefs.verify_other_users_has_marked_high_roller_to_false()&amp;#27;[0m
</system-out>
  </testcase>
  <testcase classname="Tests for my test api" name="Convert balances and currencies to GBP" time="0.049">
    <failure message="There are still users with not converted currency" type="java.lang.AssertionError">java.lang.AssertionError: There are still users with not converted currency
	at org.junit.Assert.fail(Assert.java:88)
	at org.junit.Assert.assertTrue(Assert.java:41)
	at apiincucumber.Stepdefs.check_all_users_has_GBP_currency(Stepdefs.java:102)
	at ✽.check all users has &quot;GBP&quot; currency(apiincucumber/ApiTests.feature:22)
</failure>
    <system-out>
  Background:              &amp;#27;[90m# apiincucumber/ApiTests.feature:4&amp;#27;[0m
    &amp;#27;[32mGiven &amp;#27;[0m&amp;#27;[32mclean all shares&amp;#27;[0m &amp;#27;[90m# Stepdefs.clean_all_shares()&amp;#27;[0m

  Scenario: Convert balances and currencies to GBP          &amp;#27;[90m# apiincucumber/ApiTests.feature:16&amp;#27;[0m
    &amp;#27;[32mGiven &amp;#27;[0m&amp;#27;[32mget Users data from database&amp;#27;[0m                      &amp;#27;[90m# Stepdefs.get_Users_data_from_database()&amp;#27;[0m
    &amp;#27;[32mWhen &amp;#27;[0m&amp;#27;[32mcreate list of user ids who has not &quot;&amp;#27;[0m&amp;#27;[32m&amp;#27;[1mGBP&amp;#27;[0m&amp;#27;[32m&quot; currency&amp;#27;[0m &amp;#27;[90m# Stepdefs.create_list_of_user_ids_who_has_not_GBP_currency(String)&amp;#27;[0m
    &amp;#27;[32mThen &amp;#27;[0m&amp;#27;[32mconvert all users currencies and balances to &quot;&amp;#27;[0m&amp;#27;[32m&amp;#27;[1mGBP&amp;#27;[0m&amp;#27;[32m&quot;&amp;#27;[0m &amp;#27;[90m# Stepdefs.convert_all_users_currencies_and_balances_to_GBP(String)&amp;#27;[0m
TEMP SOLUTION FOR TESTING WITHOUT DOCKER ACCESS
User with id: 3 is updated to new values: User(id=3, name=user3, balance=700.01, currency=GBP, likes=Roulette Games, highRoller=false)
    &amp;#27;[32mAnd &amp;#27;[0m&amp;#27;[32mupdate converted Users to database&amp;#27;[0m                  &amp;#27;[90m# Stepdefs.update_converted_Users_to_database()&amp;#27;[0m
    &amp;#27;[32mWhen &amp;#27;[0m&amp;#27;[32mget Users data from database&amp;#27;[0m                       &amp;#27;[90m# Stepdefs.get_Users_data_from_database()&amp;#27;[0m
    &amp;#27;[31mThen &amp;#27;[0m&amp;#27;[31mcheck all users has &quot;&amp;#27;[0m&amp;#27;[31m&amp;#27;[1mGBP&amp;#27;[0m&amp;#27;[31m&quot; currency&amp;#27;[0m                 &amp;#27;[90m# Stepdefs.check_all_users_has_GBP_currency(String)&amp;#27;[0m
      &amp;#27;[31mjava.lang.AssertionError: There are still users with not converted currency
	at org.junit.Assert.fail(Assert.java:88)
	at org.junit.Assert.assertTrue(Assert.java:41)
	at apiincucumber.Stepdefs.check_all_users_has_GBP_currency(Stepdefs.java:102)
	at ?.check all users has &quot;GBP&quot; currency(apiincucumber/ApiTests.feature:22)
&amp;#27;[0m
</system-out>
  </testcase>
  <testcase classname="Tests for my test api" name="Update balance for user" time="0.064">
    <failure message="Value for user is: 8.0 but should be: 20008.0" type="java.lang.AssertionError">java.lang.AssertionError: Value for user is: 8.0 but should be: 20008.0
	at org.junit.Assert.fail(Assert.java:88)
	at org.junit.Assert.assertTrue(Assert.java:41)
	at apiincucumber.Stepdefs.verify_user_balance_is(Stepdefs.java:115)
	at ✽.verify user &quot;Brian&quot; balance is 20008(apiincucumber/ApiTests.feature:30)
</failure>
    <system-out>
  Background:              &amp;#27;[90m# apiincucumber/ApiTests.feature:4&amp;#27;[0m
    &amp;#27;[32mGiven &amp;#27;[0m&amp;#27;[32mclean all shares&amp;#27;[0m &amp;#27;[90m# Stepdefs.clean_all_shares()&amp;#27;[0m

  Scenario: Update balance for user                  &amp;#27;[90m# apiincucumber/ApiTests.feature:25&amp;#27;[0m
    &amp;#27;[32mGiven &amp;#27;[0m&amp;#27;[32mget Users data from database&amp;#27;[0m               &amp;#27;[90m# Stepdefs.get_Users_data_from_database()&amp;#27;[0m
    &amp;#27;[32mWhen &amp;#27;[0m&amp;#27;[32mupdate balance about &amp;#27;[0m&amp;#27;[32m&amp;#27;[1m20000&amp;#27;[0m&amp;#27;[32m for user &quot;&amp;#27;[0m&amp;#27;[32m&amp;#27;[1mBrian&amp;#27;[0m&amp;#27;[32m&quot;&amp;#27;[0m &amp;#27;[90m# Stepdefs.update_balance_about_for_user(Double,String)&amp;#27;[0m
TEMP SOLUTION FOR TESTING WITHOUT DOCKER ACCESS
User with id: 4 is updated to new values: User(id=4, name=Brian, balance=20008, currency=GBP, likes=Slot Games, highRoller=false)
    &amp;#27;[32mThen &amp;#27;[0m&amp;#27;[32mupdate converted Users to database&amp;#27;[0m          &amp;#27;[90m# Stepdefs.update_converted_Users_to_database()&amp;#27;[0m
    &amp;#27;[32mWhen &amp;#27;[0m&amp;#27;[32mget Users data from database&amp;#27;[0m                &amp;#27;[90m# Stepdefs.get_Users_data_from_database()&amp;#27;[0m
    &amp;#27;[31mThen &amp;#27;[0m&amp;#27;[31mverify user &quot;&amp;#27;[0m&amp;#27;[31m&amp;#27;[1mBrian&amp;#27;[0m&amp;#27;[31m&quot; balance is &amp;#27;[0m&amp;#27;[31m&amp;#27;[1m20008&amp;#27;[0m        &amp;#27;[90m# Stepdefs.verify_user_balance_is(String,double)&amp;#27;[0m
      &amp;#27;[31mjava.lang.AssertionError: Value for user is: 8.0 but should be: 20008.0
	at org.junit.Assert.fail(Assert.java:88)
	at org.junit.Assert.assertTrue(Assert.java:41)
	at apiincucumber.Stepdefs.verify_user_balance_is(Stepdefs.java:115)
	at ?.verify user &quot;Brian&quot; balance is 20008(apiincucumber/ApiTests.feature:30)
&amp;#27;[0m
</system-out>
  </testcase>
  <testcase classname="Tests for my test api" name="Create and add new user" time="0.02"/>
  <testcase classname="Tests for my test api" name="List of most popular games in week" time="0.02"/>
  <testcase classname="Tests for my test api" name="Target customers for game" time="0.031"/>
  <testcase classname="Tests for my test api" name="calculate spins possibilities" time="0.038"/>
</testsuite>